{"/Users/yoniamishav/WebstormProjects/counter-map/src/counter-map.ts": {"path":"/Users/yoniamishav/WebstormProjects/counter-map/src/counter-map.ts","statementMap":{"0":{"start":{"line":6,"column":0},"end":{"line":154,"column":0}},"1":{"start":{"line":8,"column":10},"end":{"line":8,"column":79}},"2":{"start":{"line":12,"column":2},"end":{"line":14,"column":3}},"3":{"start":{"line":13,"column":4},"end":{"line":13,"column":25}},"4":{"start":{"line":20,"column":2},"end":{"line":42,"column":3}},"5":{"start":{"line":28,"column":28},"end":{"line":28,"column":46}},"6":{"start":{"line":29,"column":4},"end":{"line":41,"column":34}},"7":{"start":{"line":31,"column":29},"end":{"line":31,"column":51}},"8":{"start":{"line":32,"column":21},"end":{"line":32,"column":38}},"9":{"start":{"line":34,"column":8},"end":{"line":38,"column":10}},"10":{"start":{"line":44,"column":2},"end":{"line":46,"column":3}},"11":{"start":{"line":45,"column":4},"end":{"line":45,"column":21}},"12":{"start":{"line":48,"column":2},"end":{"line":64,"column":3}},"13":{"start":{"line":49,"column":4},"end":{"line":49,"column":27}},"14":{"start":{"line":51,"column":37},"end":{"line":51,"column":54}},"15":{"start":{"line":52,"column":4},"end":{"line":52,"column":26}},"16":{"start":{"line":52,"column":13},"end":{"line":52,"column":26}},"17":{"start":{"line":53,"column":4},"end":{"line":61,"column":5}},"18":{"start":{"line":54,"column":6},"end":{"line":54,"column":27}},"19":{"start":{"line":57,"column":6},"end":{"line":57,"column":20}},"20":{"start":{"line":58,"column":6},"end":{"line":58,"column":29}},"21":{"start":{"line":62,"column":4},"end":{"line":62,"column":16}},"22":{"start":{"line":68,"column":2},"end":{"line":85,"column":3}},"23":{"start":{"line":69,"column":28},"end":{"line":69,"column":46}},"24":{"start":{"line":70,"column":4},"end":{"line":84,"column":34}},"25":{"start":{"line":72,"column":29},"end":{"line":72,"column":51}},"26":{"start":{"line":73,"column":21},"end":{"line":73,"column":38}},"27":{"start":{"line":74,"column":20},"end":{"line":74,"column":38}},"28":{"start":{"line":76,"column":8},"end":{"line":76,"column":24}},"29":{"start":{"line":77,"column":8},"end":{"line":81,"column":10}},"30":{"start":{"line":89,"column":2},"end":{"line":95,"column":3}},"31":{"start":{"line":90,"column":4},"end":{"line":94,"column":5}},"32":{"start":{"line":92,"column":8},"end":{"line":92,"column":43}},"33":{"start":{"line":97,"column":2},"end":{"line":100,"column":3}},"34":{"start":{"line":98,"column":39},"end":{"line":98,"column":56}},"35":{"start":{"line":99,"column":4},"end":{"line":99,"column":37}},"36":{"start":{"line":102,"column":2},"end":{"line":104,"column":3}},"37":{"start":{"line":103,"column":4},"end":{"line":103,"column":29}},"38":{"start":{"line":108,"column":2},"end":{"line":110,"column":3}},"39":{"start":{"line":109,"column":4},"end":{"line":109,"column":27}},"40":{"start":{"line":114,"column":2},"end":{"line":127,"column":3}},"41":{"start":{"line":116,"column":37},"end":{"line":116,"column":54}},"42":{"start":{"line":117,"column":4},"end":{"line":126,"column":5}},"43":{"start":{"line":118,"column":6},"end":{"line":118,"column":20}},"44":{"start":{"line":119,"column":6},"end":{"line":119,"column":24}},"45":{"start":{"line":120,"column":6},"end":{"line":120,"column":29}},"46":{"start":{"line":122,"column":6},"end":{"line":125,"column":9}},"47":{"start":{"line":131,"column":2},"end":{"line":145,"column":3}},"48":{"start":{"line":132,"column":28},"end":{"line":132,"column":45}},"49":{"start":{"line":133,"column":4},"end":{"line":144,"column":29}},"50":{"start":{"line":135,"column":29},"end":{"line":135,"column":51}},"51":{"start":{"line":136,"column":20},"end":{"line":136,"column":38}},"52":{"start":{"line":137,"column":21},"end":{"line":137,"column":38}},"53":{"start":{"line":138,"column":8},"end":{"line":141,"column":17}},"54":{"start":{"line":148,"column":2},"end":{"line":152,"column":3}},"55":{"start":{"line":149,"column":18},"end":{"line":149,"column":35}},"56":{"start":{"line":150,"column":4},"end":{"line":150,"column":22}},"57":{"start":{"line":151,"column":4},"end":{"line":151,"column":29}},"58":{"start":{"line":154,"column":0},"end":{"line":154,"column":1}},"59":{"start":{"line":6,"column":13},"end":{"line":6,"column":24}}},"fnMap":{"0":{"name":"(anonymous_0)","decl":{"start":{"line":6,"column":0},"end":{"line":null,"column":-1}},"loc":{"start":{"line":6,"column":0},"end":{"line":6,"column":-1}}},"1":{"name":"(anonymous_2)","decl":{"start":{"line":12,"column":2},"end":{"line":null,"column":-1}},"loc":{"start":{"line":12,"column":2},"end":{"line":14,"column":3}}},"2":{"name":"(anonymous_3)","decl":{"start":{"line":20,"column":2},"end":{"line":null,"column":-1}},"loc":{"start":{"line":20,"column":2},"end":{"line":42,"column":3}}},"3":{"name":"(anonymous_4)","decl":{"start":{"line":30,"column":12},"end":{"line":null,"column":-1}},"loc":{"start":{"line":30,"column":12},"end":{"line":40,"column":7}}},"4":{"name":"(anonymous_5)","decl":{"start":{"line":44,"column":2},"end":{"line":null,"column":-1}},"loc":{"start":{"line":44,"column":2},"end":{"line":46,"column":3}}},"5":{"name":"(anonymous_6)","decl":{"start":{"line":48,"column":2},"end":{"line":48,"column":8}},"loc":{"start":{"line":48,"column":15},"end":{"line":64,"column":3}}},"6":{"name":"(anonymous_7)","decl":{"start":{"line":68,"column":2},"end":{"line":null,"column":-1}},"loc":{"start":{"line":68,"column":2},"end":{"line":85,"column":3}}},"7":{"name":"(anonymous_8)","decl":{"start":{"line":71,"column":12},"end":{"line":null,"column":-1}},"loc":{"start":{"line":71,"column":12},"end":{"line":83,"column":7}}},"8":{"name":"(anonymous_9)","decl":{"start":{"line":89,"column":2},"end":{"line":89,"column":9}},"loc":{"start":{"line":89,"column":79},"end":{"line":95,"column":3}}},"9":{"name":"(anonymous_10)","decl":{"start":{"line":91,"column":6},"end":{"line":91,"column":6}},"loc":{"start":{"line":91,"column":75},"end":{"line":93,"column":7}}},"10":{"name":"(anonymous_11)","decl":{"start":{"line":97,"column":2},"end":{"line":97,"column":5}},"loc":{"start":{"line":97,"column":12},"end":{"line":100,"column":3}}},"11":{"name":"(anonymous_12)","decl":{"start":{"line":102,"column":2},"end":{"line":102,"column":5}},"loc":{"start":{"line":102,"column":12},"end":{"line":104,"column":3}}},"12":{"name":"(anonymous_13)","decl":{"start":{"line":108,"column":2},"end":{"line":null,"column":-1}},"loc":{"start":{"line":108,"column":2},"end":{"line":110,"column":3}}},"13":{"name":"(anonymous_14)","decl":{"start":{"line":114,"column":2},"end":{"line":114,"column":5}},"loc":{"start":{"line":114,"column":22},"end":{"line":127,"column":3}}},"14":{"name":"(anonymous_15)","decl":{"start":{"line":131,"column":2},"end":{"line":null,"column":-1}},"loc":{"start":{"line":131,"column":2},"end":{"line":145,"column":3}}},"15":{"name":"(anonymous_16)","decl":{"start":{"line":134,"column":12},"end":{"line":null,"column":-1}},"loc":{"start":{"line":134,"column":12},"end":{"line":143,"column":7}}},"16":{"name":"(anonymous_17)","decl":{"start":{"line":148,"column":2},"end":{"line":148,"column":8}},"loc":{"start":{"line":148,"column":17},"end":{"line":152,"column":3}}}},"branchMap":{"0":{"loc":{"start":{"line":36,"column":12},"end":{"line":36,"column":64}},"type":"cond-expr","locations":[{"start":{"line":36,"column":12},"end":{"line":36,"column":64}},{"start":{"line":36,"column":66},"end":{"line":36,"column":70}}]},"1":{"loc":{"start":{"line":52,"column":4},"end":{"line":52,"column":26}},"type":"if","locations":[{"start":{"line":52,"column":4},"end":{"line":52,"column":26}},{"start":{"line":52,"column":4},"end":{"line":52,"column":26}}]},"2":{"loc":{"start":{"line":53,"column":4},"end":{"line":61,"column":5}},"type":"if","locations":[{"start":{"line":53,"column":4},"end":{"line":61,"column":5}},{"start":{"line":53,"column":4},"end":{"line":61,"column":5}}]},"3":{"loc":{"start":{"line":79,"column":12},"end":{"line":79,"column":64}},"type":"cond-expr","locations":[{"start":{"line":79,"column":12},"end":{"line":79,"column":64}},{"start":{"line":79,"column":66},"end":{"line":79,"column":70}}]},"4":{"loc":{"start":{"line":99,"column":19},"end":{"line":99,"column":30}},"type":"cond-expr","locations":[{"start":{"line":99,"column":19},"end":{"line":99,"column":30}},{"start":{"line":99,"column":32},"end":{"line":99,"column":36}}]},"5":{"loc":{"start":{"line":117,"column":4},"end":{"line":126,"column":5}},"type":"if","locations":[{"start":{"line":117,"column":4},"end":{"line":126,"column":5}},{"start":{"line":117,"column":4},"end":{"line":126,"column":5}}]}},"s":{"0":1,"1":8,"2":1,"3":3,"4":1,"5":0,"6":0,"7":0,"8":0,"9":0,"10":1,"11":0,"12":1,"13":4,"14":4,"15":4,"16":0,"17":4,"18":2,"19":2,"20":2,"21":4,"22":1,"23":1,"24":1,"25":2,"26":2,"27":2,"28":2,"29":2,"30":1,"31":0,"32":0,"33":1,"34":8,"35":8,"36":1,"37":0,"38":1,"39":1,"40":1,"41":17,"42":17,"43":6,"44":6,"45":6,"46":11,"47":1,"48":1,"49":1,"50":1,"51":1,"52":1,"53":1,"54":1,"55":1,"56":1,"57":1,"58":1,"59":1},"f":{"0":9,"1":3,"2":0,"3":0,"4":0,"5":4,"6":1,"7":2,"8":0,"9":0,"10":8,"11":0,"12":1,"13":17,"14":1,"15":1,"16":1},"b":{"0":[0,0],"1":[0,4],"2":[2,2],"3":[1,1],"4":[6,2],"5":[6,11]}}
}
